TN:
SF:app.js
FNF:0
FNH:0
DA:1,1
DA:2,1
DA:3,1
DA:4,1
DA:5,1
DA:6,1
DA:7,1
DA:8,1
DA:9,1
DA:10,1
DA:11,1
DA:12,1
DA:13,1
DA:14,1
DA:15,1
LF:15
LH:15
BRF:0
BRH:0
end_of_record
TN:
SF:routes.js
FN:4,routes
FNF:1
FNH:1
FNDA:2,routes
DA:1,1
DA:2,1
DA:3,1
DA:4,2
DA:5,2
DA:6,2
DA:7,2
DA:8,1
DA:9,1
LF:9
LH:9
BRDA:4,0,0,2
BRF:1
BRH:1
end_of_record
TN:
SF:Controller/posts.js
FN:3,getAllPosts
FN:12,insertPost
FN:21,updatePost
FN:38,deletePost
FN:55,getOnePost
FNF:5
FNH:5
FNDA:1,getAllPosts
FNDA:1,insertPost
FNDA:1,updatePost
FNDA:2,deletePost
FNDA:2,getOnePost
DA:1,1
DA:2,1
DA:3,1
DA:4,1
DA:5,1
DA:6,1
DA:7,1
DA:8,0
DA:9,0
DA:10,1
DA:11,1
DA:12,1
DA:13,1
DA:14,1
DA:15,1
DA:16,1
DA:17,0
DA:18,0
DA:19,1
DA:20,1
DA:21,1
DA:22,1
DA:23,1
DA:24,1
DA:25,1
DA:26,0
DA:27,0
DA:28,0
DA:29,0
DA:30,1
DA:31,1
DA:32,1
DA:33,1
DA:34,0
DA:35,0
DA:36,1
DA:37,1
DA:38,2
DA:39,2
DA:40,2
DA:41,2
DA:42,2
DA:43,2
DA:44,2
DA:45,2
DA:46,2
DA:47,2
DA:48,2
DA:49,2
DA:50,2
DA:51,0
DA:52,0
DA:53,2
DA:54,1
DA:55,2
DA:56,2
DA:57,2
DA:58,2
DA:59,2
DA:60,2
DA:61,2
DA:62,2
DA:63,2
DA:64,2
DA:65,2
DA:66,0
DA:67,0
DA:68,2
DA:69,1
DA:70,1
DA:71,1
DA:72,1
DA:73,1
DA:74,1
DA:75,1
DA:76,1
LF:76
LH:62
BRDA:3,0,0,1
BRDA:7,1,0,0
BRDA:12,2,0,1
BRDA:16,3,0,0
BRDA:21,4,0,1
BRDA:25,5,0,0
BRDA:33,6,0,0
BRDA:38,7,0,2
BRDA:50,8,0,0
BRDA:55,9,0,2
BRDA:65,10,0,0
BRF:11
BRH:5
end_of_record
TN:
SF:Controller/tags.js
FN:3,getAllTags
FN:12,insertTag
FN:21,updateTag
FN:38,deleteTag
FN:55,getOneTag
FNF:5
FNH:5
FNDA:1,getAllTags
FNDA:1,insertTag
FNDA:2,updateTag
FNDA:2,deleteTag
FNDA:2,getOneTag
DA:1,1
DA:2,1
DA:3,1
DA:4,1
DA:5,1
DA:6,1
DA:7,1
DA:8,0
DA:9,0
DA:10,1
DA:11,1
DA:12,1
DA:13,1
DA:14,1
DA:15,1
DA:16,1
DA:17,0
DA:18,0
DA:19,1
DA:20,1
DA:21,2
DA:22,2
DA:23,2
DA:24,2
DA:25,2
DA:26,2
DA:27,2
DA:28,2
DA:29,2
DA:30,2
DA:31,2
DA:32,2
DA:33,2
DA:34,0
DA:35,0
DA:36,2
DA:37,1
DA:38,2
DA:39,2
DA:40,2
DA:41,2
DA:42,2
DA:43,2
DA:44,2
DA:45,2
DA:46,2
DA:47,2
DA:48,2
DA:49,2
DA:50,2
DA:51,0
DA:52,0
DA:53,2
DA:54,1
DA:55,2
DA:56,2
DA:57,2
DA:58,2
DA:59,2
DA:60,2
DA:61,2
DA:62,2
DA:63,2
DA:64,2
DA:65,2
DA:66,0
DA:67,0
DA:68,2
DA:69,1
DA:70,1
LF:70
LH:60
BRDA:3,0,0,1
BRDA:7,1,0,0
BRDA:12,2,0,1
BRDA:16,3,0,0
BRDA:21,4,0,2
BRDA:33,5,0,0
BRDA:38,6,0,2
BRDA:50,7,0,0
BRDA:55,8,0,2
BRDA:65,9,0,0
BRF:10
BRH:5
end_of_record
TN:
SF:config/dbConnection.js
FN:13,connectDB
FNF:1
FNH:1
FNDA:2,connectDB
DA:1,1
DA:2,1
DA:3,1
DA:4,1
DA:5,1
DA:6,1
DA:7,1
DA:8,1
DA:9,1
DA:10,1
DA:11,1
DA:12,1
DA:13,1
DA:14,2
DA:15,2
DA:16,2
DA:17,2
DA:18,0
DA:19,0
DA:20,2
DA:21,1
DA:22,1
LF:22
LH:20
BRDA:13,0,0,2
BRDA:17,1,0,0
BRF:2
BRH:1
end_of_record
TN:
SF:config/express.js
FN:3,configExpress
FNF:1
FNH:1
FNDA:2,configExpress
DA:1,1
DA:2,1
DA:3,2
DA:4,2
DA:5,2
DA:6,1
DA:7,1
LF:7
LH:7
BRDA:3,0,0,2
BRF:1
BRH:1
end_of_record
TN:
SF:models/Post.js
FNF:0
FNH:0
DA:1,1
DA:2,1
DA:3,1
DA:4,1
DA:5,1
DA:6,1
DA:7,1
DA:8,1
DA:9,1
DA:10,1
DA:11,1
DA:12,1
DA:13,1
DA:14,1
DA:15,1
DA:16,1
DA:17,1
DA:18,1
DA:19,1
DA:20,1
DA:21,1
DA:22,1
DA:23,1
DA:24,1
DA:25,1
DA:26,1
DA:27,1
DA:28,1
DA:29,1
DA:30,1
DA:31,1
DA:32,1
DA:33,1
LF:33
LH:33
BRF:0
BRH:0
end_of_record
TN:
SF:models/Tag.js
FNF:0
FNH:0
DA:1,1
DA:2,1
DA:3,1
DA:4,1
DA:5,1
DA:6,1
DA:7,1
DA:8,1
DA:9,1
DA:10,1
DA:11,1
DA:12,1
DA:13,1
DA:14,1
DA:15,1
DA:16,1
DA:17,1
DA:18,1
DA:19,1
DA:20,1
DA:21,1
DA:22,1
DA:23,1
DA:24,1
DA:25,1
DA:26,1
DA:27,1
DA:28,1
LF:28
LH:28
BRF:0
BRH:0
end_of_record
TN:
SF:routes/posts.js
FNF:0
FNH:0
DA:1,1
DA:2,1
DA:3,1
DA:4,1
DA:5,1
DA:6,1
DA:7,1
DA:8,1
DA:9,1
DA:10,1
DA:11,1
DA:12,1
DA:13,1
DA:14,1
DA:15,1
DA:16,1
DA:17,1
DA:18,1
DA:19,1
LF:19
LH:19
BRF:0
BRH:0
end_of_record
TN:
SF:routes/tags.js
FNF:0
FNH:0
DA:1,1
DA:2,1
DA:3,1
DA:4,1
DA:5,1
DA:6,1
DA:7,1
DA:8,1
DA:9,1
DA:10,1
DA:11,1
DA:12,1
DA:13,1
DA:14,1
DA:15,1
DA:16,1
DA:17,1
DA:18,1
DA:19,1
LF:19
LH:19
BRF:0
BRH:0
end_of_record
TN:
SF:service/props.js
FN:3,allP
FN:8,insertP
FN:12,oneP
FN:19,updateP
FN:25,deleteP
FNF:5
FNH:5
FNDA:1,allP
FNDA:1,insertP
FNDA:5,oneP
FNDA:1,updateP
FNDA:1,deleteP
DA:1,1
DA:2,1
DA:3,1
DA:4,1
DA:5,1
DA:6,1
DA:7,1
DA:8,1
DA:9,1
DA:10,1
DA:11,1
DA:12,1
DA:13,5
DA:14,5
DA:15,5
DA:16,5
DA:17,5
DA:18,1
DA:19,1
DA:20,1
DA:21,1
DA:22,1
DA:23,1
DA:24,1
DA:25,1
DA:26,1
DA:27,1
DA:28,1
DA:29,1
DA:30,1
DA:31,1
LF:31
LH:31
BRDA:3,0,0,1
BRDA:8,1,0,1
BRDA:12,2,0,5
BRDA:19,3,0,1
BRDA:25,4,0,1
BRF:5
BRH:5
end_of_record
TN:
SF:service/tags.js
FN:3,allT
FN:8,insertT
FN:12,oneT
FN:19,updateT
FN:25,deleteT
FNF:5
FNH:5
FNDA:1,allT
FNDA:1,insertT
FNDA:6,oneT
FNDA:1,updateT
FNDA:1,deleteT
DA:1,1
DA:2,1
DA:3,1
DA:4,1
DA:5,1
DA:6,1
DA:7,1
DA:8,1
DA:9,1
DA:10,1
DA:11,1
DA:12,1
DA:13,6
DA:14,6
DA:15,6
DA:16,6
DA:17,6
DA:18,1
DA:19,1
DA:20,1
DA:21,1
DA:22,1
DA:23,1
DA:24,1
DA:25,1
DA:26,1
DA:27,0
DA:28,0
DA:29,0
DA:30,1
DA:31,1
LF:31
LH:28
BRDA:3,0,0,1
BRDA:8,1,0,1
BRDA:12,2,0,6
BRDA:19,3,0,1
BRDA:25,4,0,1
BRDA:26,5,0,0
BRF:6
BRH:5
end_of_record
TN:
SF:utils/handleError.js
FN:1,handleError
FNF:1
FNH:1
FNDA:2,handleError
DA:1,2
DA:2,2
DA:3,5
DA:4,5
DA:5,5
DA:6,5
DA:7,5
DA:8,5
DA:9,5
DA:10,5
DA:11,5
DA:12,5
DA:13,2
DA:14,1
DA:15,1
LF:15
LH:15
BRDA:1,0,0,2
BRDA:2,1,0,5
BRDA:3,2,0,0
BRF:3
BRH:2
end_of_record
